<?xml version="1.0" encoding="UTF-8"?>
<testsuite name="ch.unisg.ics.interactions.wiser.tests.units.DatasetImporterTests" tests="1" skipped="0" failures="0" errors="0" timestamp="2023-01-06T15:29:40" hostname="nicolas-macbook" time="0.18">
  <properties/>
  <testcase name="correctParsingOfFruitExample()" classname="ch.unisg.ics.interactions.wiser.tests.units.DatasetImporterTests" time="0.18"/>
  <system-out><![CDATA[]]></system-out>
  <system-err><![CDATA[]]></system-err>
</testsuite>
